[debug] [2018-01-20T18:03:06.799Z] ----------------------------------------------------------------------
[debug] [2018-01-20T18:03:06.801Z] Command:       /usr/local/bin/node /usr/local/bin/firebase serve
[debug] [2018-01-20T18:03:06.801Z] CLI Version:   3.16.0
[debug] [2018-01-20T18:03:06.801Z] Platform:      linux
[debug] [2018-01-20T18:03:06.801Z] Node Version:  v9.4.0
[debug] [2018-01-20T18:03:06.801Z] Time:          Sat Jan 20 2018 23:33:06 GMT+0530 (IST)
[debug] [2018-01-20T18:03:06.801Z] ----------------------------------------------------------------------
[debug] 
[debug] [2018-01-20T18:03:06.810Z] > command requires scopes: ["email","openid","https://www.googleapis.com/auth/cloudplatformprojects.readonly","https://www.googleapis.com/auth/firebase","https://www.googleapis.com/auth/cloud-platform"]
[debug] [2018-01-20T18:03:06.811Z] > authorizing via signed-in user
[debug] [2018-01-20T18:03:06.812Z] >>> HTTP REQUEST GET https://admin.firebase.com/v1/projects/abhishek-karmakar-ai  
  
 Sat Jan 20 2018 23:33:06 GMT+0530 (IST)
[debug] [2018-01-20T18:03:08.274Z] <<< HTTP RESPONSE 200
[debug] [2018-01-20T18:03:08.276Z] >>> HTTP REQUEST GET https://admin.firebase.com/v1/database/abhishek-karmakar-ai/tokens  
  
 Sat Jan 20 2018 23:33:08 GMT+0530 (IST)
[debug] [2018-01-20T18:03:09.405Z] <<< HTTP RESPONSE 200
[info] 
[info] === Serving from '/home/abhishek/projects/codelabs/akarmakar-ai'...
[info] 
[debug] [2018-01-20T18:03:09.408Z] >>> HTTP REQUEST GET https://cloudresourcemanager.googleapis.com/v1/projects/abhishek-karmakar-ai  
  
 Sat Jan 20 2018 23:33:09 GMT+0530 (IST)
[debug] [2018-01-20T18:03:11.227Z] <<< HTTP RESPONSE 200
[debug] [2018-01-20T18:03:11.232Z] >>> HTTP REQUEST GET https://mobilesdk-pa.googleapis.com/v1/projects/195983578737/clients/_:getWebAppConfig  
  
 Sat Jan 20 2018 23:33:11 GMT+0530 (IST)
[debug] [2018-01-20T18:03:12.261Z] <<< HTTP RESPONSE 200
[info] i  hosting: Serving hosting files from: public
[info] ✔  hosting: Local server: http://localhost:5000

